M01/guided/app/build/intermediates/manifest_merge_blame_file/debug/manifest-merger-blame-debug-report.txt
1<?xml version="1.0" encoding="utf-8"?>
2<manifest xmlns:android="http://schemas.android.com/apk/res/android"
3    package="com.example.m01guided"
4    android:versionCode="1"
5    android:versionName="1.0" >
6
7    <uses-sdk
8        android:minSdkVersion="20"
8-->src\main\AndroidManifest.xml
9        android:targetSdkVersion="29" />
9-->src\main\AndroidManifest.xml
10
11    <uses-feature
11-->src\main\AndroidManifest.xml:5:5-7:35
12        android:name="android.software.leanback"
12-->src\main\AndroidManifest.xml:6:9-49
13        android:required="true" />
13-->src\main\AndroidManifest.xml:7:9-32
14
15    <uses-permission android:name="android.permission.INTERNET" />
15-->src\main\AndroidManifest.xml:8:5-66
15-->src\main\AndroidManifest.xml:8:22-64
16
17    <application
17-->src\main\AndroidManifest.xml:9:5-23:19
18        android:allowBackup="true"
18-->src\main\AndroidManifest.xml:10:9-35
19        android:appComponentFactory="androidx.core.app.CoreComponentFactory"
19-->[androidx.core:core:1.1.0] AndroidManifest.xml:24:18-86
20        android:debuggable="true"
21        android:icon="@mipmap/ic_launcher"
21-->src\main\AndroidManifest.xml:11:9-43
22        android:label="@string/app_name"
22-->src\main\AndroidManifest.xml:12:9-41
23        android:roundIcon="@mipmap/ic_launcher_round"
23-->src\main\AndroidManifest.xml:13:9-54
24        android:supportsRtl="true"
24-->src\main\AndroidManifest.xml:14:9-35
25        android:testOnly="true"
26        android:theme="@style/AppTheme" >
26-->src\main\AndroidManifest.xml:15:9-40
27        <activity android:name="com.example.m01guided.MainActivity" >
27-->src\main\AndroidManifest.xml:16:9-22:20
27-->src\main\AndroidManifest.xml:16:19-47
28            <intent-filter>
28-->src\main\AndroidManifest.xml:17:13-21:29
29                <action android:name="android.intent.action.MAIN" />
29-->src\main\AndroidManifest.xml:18:17-69
29-->src\main\AndroidManifest.xml:18:25-66
30
31                <category android:name="android.intent.category.LAUNCHER" />
31-->src\main\AndroidManifest.xml:20:17-77
31-->src\main\AndroidManifest.xml:20:27-74
32            </intent-filter>
33        </activity>
34
35        <provider
35-->[androidx.lifecycle:lifecycle-process:2.1.0] AndroidManifest.xml:23:9-27:43
36            android:name="androidx.lifecycle.ProcessLifecycleOwnerInitializer"
36-->[androidx.lifecycle:lifecycle-process:2.1.0] AndroidManifest.xml:24:13-79
37            android:authorities="com.example.m01guided.lifecycle-process"
37-->[androidx.lifecycle:lifecycle-process:2.1.0] AndroidManifest.xml:25:13-69
38            android:exported="false"
38-->[androidx.lifecycle:lifecycle-process:2.1.0] AndroidManifest.xml:26:13-37
39            android:multiprocess="true" />
39-->[androidx.lifecycle:lifecycle-process:2.1.0] AndroidManifest.xml:27:13-40
40    </application>
41
42</manifest>